Сейчас будет вызвана функция hello_world
Текущая дата и время вызова функции: 2023-12-21 14:42:35.135497
C аргументами () и {}
Возращаемое значение: Hello World

Сейчас будет вызвана функция summator
Текущая дата и время вызова функции: 2023-12-21 14:42:35.135497
C аргументами (2, 2) и {}
Возращаемое значение: 4

Сейчас будет вызвана функция div
Текущая дата и время вызова функции: 2023-12-21 14:42:35.136408
C аргументами (6, 2) и {}
Возращаемое значение: 3.0

Сейчас будет вызвана функция summator
Текущая дата и время вызова функции: 2023-12-21 14:42:35.136408
C аргументами (4.3,) и {'b': 2.2}
Возращаемое значение: 6.5

Сейчас будет вызвана функция summator
Текущая дата и время вызова функции: 2023-12-21 14:42:35.136408
C аргументами () и {'a': 0, 'b': 0}
Возращаемое значение: 0

